#
# There is insufficient memory for the Java Runtime Environment to continue.
# Native memory allocation (mmap) failed to map 65536 bytes. Error detail: Failed to commit metaspace.
# Possible reasons:
#   The system is out of physical RAM or swap space
#   This process is running with CompressedOops enabled, and the Java Heap may be blocking the growth of the native heap
# Possible solutions:
#   Reduce memory load on the system
#   Increase physical memory or swap space
#   Check if swap backing store is full
#   Decrease Java heap size (-Xmx/-Xms)
#   Decrease number of Java threads
#   Decrease Java thread stack sizes (-Xss)
#   Set larger code cache with -XX:ReservedCodeCacheSize=
#   JVM is running with Unscaled Compressed Oops mode in which the Java heap is
#     placed in the first 4GB address space. The Java Heap base address is the
#     maximum limit for the native heap growth. Please use -XX:HeapBaseMinAddress
#     to set the Java Heap base and to place the Java Heap above 4GB virtual address.
# This output file may be truncated or incomplete.
#
#  Out of Memory Error (virtualSpaceNode.cpp:113), pid=13728, tid=21624
#
# JRE version:  (21.0.8+9) (build )
# Java VM: OpenJDK 64-Bit Server VM (21.0.8+9-LTS, mixed mode, tiered, compressed oops, compressed class ptrs, parallel gc, windows-amd64)
# No core dump will be written. Minidumps are not enabled by default on client versions of Windows
#

---------------  S U M M A R Y ------------

Command Line: --add-modules=ALL-SYSTEM --add-opens=java.base/java.util=ALL-UNNAMED --add-opens=java.base/java.lang=ALL-UNNAMED --add-opens=java.base/sun.nio.fs=ALL-UNNAMED -Declipse.application=org.eclipse.jdt.ls.core.id1 -Dosgi.bundles.defaultStartLevel=4 -Declipse.product=org.eclipse.jdt.ls.core.product -Djava.import.generatesMetadataFilesAtProjectRoot=false -DDetectVMInstallationsJob.disabled=true -Dfile.encoding=utf8 -XX:+UseParallelGC -XX:GCTimeRatio=4 -XX:AdaptiveSizePolicyWeight=90 -Dsun.zip.disableMemoryMapping=true -Xmx2G -Xms100m -Xlog:disable -javaagent:c:\Users\hp\.vscode\extensions\redhat.java-1.45.0-win32-x64\lombok\lombok-1.18.39-4050.jar c:\Users\hp\.vscode\extensions\redhat.java-1.45.0-win32-x64\server\plugins\org.eclipse.equinox.launcher_1.7.0.v20250519-0528.jar -configuration c:\Users\hp\AppData\Roaming\Code\User\globalStorage\redhat.java\1.45.0\config_ss_win -data c:\Users\hp\AppData\Roaming\Code\User\workspaceStorage\cf13da3c2da04dbc724f1f2b3211e532\redhat.java\ss_ws --pipe=\\.\pipe\lsp-8dca999e6827d6dd116985fcb44fb8d2-sock

Host: AMD Ryzen 5 5600H with Radeon Graphics         , 12 cores, 15G,  Windows 11 , 64 bit Build 26100 (10.0.26100.3775)
Time: Mon Sep  8 23:00:30 2025 India Standard Time elapsed time: 0.044647 seconds (0d 0h 0m 0s)

---------------  T H R E A D  ---------------

Current thread (0x000001cf0932cd80):  JavaThread "Unknown thread" [_thread_in_vm, id=21624, stack(0x00000098b6100000,0x00000098b6200000) (1024K)]

Stack: [0x00000098b6100000,0x00000098b6200000]
Native frames: (J=compiled Java code, j=interpreted, Vv=VM code, C=native code)
V  [jvm.dll+0x6d2449]
V  [jvm.dll+0x8ae341]
V  [jvm.dll+0x8b08be]
V  [jvm.dll+0x8b0fa3]
V  [jvm.dll+0x280c96]
V  [jvm.dll+0x8aa07e]
V  [jvm.dll+0x6745b5]
V  [jvm.dll+0x67461a]
V  [jvm.dll+0x676e02]
V  [jvm.dll+0x676cd2]
V  [jvm.dll+0x674f8e]
V  [jvm.dll+0x26a9af]
V  [jvm.dll+0x67f1f5]
V  [jvm.dll+0x21695d]
V  [jvm.dll+0x216eda]
V  [jvm.dll+0x217905]
V  [jvm.dll+0x20cece]
V  [jvm.dll+0x5b19dc]
V  [jvm.dll+0x21e5ba]
V  [jvm.dll+0x826c6c]
V  [jvm.dll+0x827c94]
V  [jvm.dll+0x828262]
V  [jvm.dll+0x827ee8]
V  [jvm.dll+0x8ac323]
V  [jvm.dll+0x8ac106]
V  [jvm.dll+0x875bf9]
V  [jvm.dll+0x8774fd]
V  [jvm.dll+0x3bec99]
V  [jvm.dll+0x8606d8]
V  [jvm.dll+0x4530ee]
V  [jvm.dll+0x454d31]
C  [jli.dll+0x5278]
C  [ucrtbase.dll+0x37b0]
C  [KERNEL32.DLL+0x2e8d7]
C  [ntdll.dll+0xb14fc]


---------------  P R O C E S S  ---------------

Threads class SMR info:
_java_thread_list=0x000001cf09354870, length=1, elements={
0x000001cf0932cd80
}

Java Threads: ( => current thread )
=>0x000001cf0932cd80 JavaThread "Unknown thread"             [_thread_in_vm, id=21624, stack(0x00000098b6100000,0x00000098b6200000) (1024K)]
Total: 1

Other Threads:
  0x000001cf1f9fbb20 WatcherThread "VM Periodic Task Thread"        [id=16084, stack(0x00000098b6300000,0x00000098b6400000) (1024K)]
  0x000001cf09349fd0 WorkerThread "GC Thread#0"                     [id=1424, stack(0x00000098b6200000,0x00000098b6300000) (1024K)]
Total: 2

Threads with active compile tasks:
Total: 0

VM state: not at safepoint (not fully initialized)

VM Mutex/Monitor currently owned by a thread:  ([mutex/lock_event])
[0x00007ffd3dcb3458] Metaspace_lock - owner thread: 0x000001cf0932cd80

Heap address: 0x0000000080000000, size: 2048 MB, Compressed Oops mode: 32-bit

CDS archive(s) not mapped
Compressed class space mapped at: 0x0000000100000000-0x0000000140000000, reserved size: 1073741824
Narrow klass base: 0x0000000000000000, Narrow klass shift: 3, Narrow klass range: 0x140000000

GC Precious Log:
 CardTable entry size: 512
 CPUs: 12 total, 12 available
 Memory: 15710M
 Large Page Support: Disabled
 NUMA Support: Disabled
 Compressed Oops: Enabled (32-bit)
 Alignments: Space 512K, Generation 512K, Heap 2M
 Heap Min Capacity: 100M
 Heap Initial Capacity: 100M
 Heap Max Capacity: 2G
 Pre-touch: Disabled
 Parallel Workers: 10

Heap:
 PSYoungGen      total 29696K, used 512K [0x00000000d5580000, 0x00000000d7680000, 0x0000000100000000)
  eden space 25600K, 2% used [0x00000000d5580000,0x00000000d5600070,0x00000000d6e80000)
  from space 4096K, 0% used [0x00000000d7280000,0x00000000d7280000,0x00000000d7680000)
  to   space 4096K, 0% used [0x00000000d6e80000,0x00000000d6e80000,0x00000000d7280000)
 ParOldGen       total 68608K, used 0K [0x0000000080000000, 0x0000000084300000, 0x00000000d5580000)
  object space 68608K, 0% used [0x0000000080000000,0x0000000080000000,0x0000000084300000)
 Metaspace       used 1177K, committed 1216K, reserved 1114112K
  class space    used 90K, committed 128K, reserved 1048576K

Card table byte_map: [0x000001cf08be0000,0x000001cf08ff0000] _byte_map_base: 0x000001cf087e0000

Marking Bits: (ParMarkBitMap*) 0x00007ffd3dcba340
 Begin Bits: [0x000001cf1b520000, 0x000001cf1d520000)
 End Bits:   [0x000001cf1d520000, 0x000001cf1f520000)

GC Heap History (0 events):
No events

Dll operation events (2 events):
Event: 0.008 Loaded shared library c:\Users\hp\.vscode\extensions\redhat.java-1.45.0-win32-x64\jre\21.0.8-win32-x86_64\bin\java.dll
Event: 0.017 Loaded shared library c:\Users\hp\.vscode\extensions\redhat.java-1.45.0-win32-x64\jre\21.0.8-win32-x86_64\bin\zip.dll

Deoptimization events (0 events):
No events

Classes loaded (20 events):
Event: 0.041 Loading class java/util/AbstractMap
Event: 0.041 Loading class java/util/AbstractMap done
Event: 0.041 Loading class java/util/concurrent/ConcurrentHashMap done
Event: 0.041 Loading class java/util/ArrayList
Event: 0.042 Loading class java/util/List
Event: 0.042 Loading class java/util/SequencedCollection
Event: 0.042 Loading class java/util/Collection
Event: 0.042 Loading class java/lang/Iterable
Event: 0.042 Loading class java/lang/Iterable done
Event: 0.042 Loading class java/util/Collection done
Event: 0.043 Loading class java/util/SequencedCollection done
Event: 0.043 Loading class java/util/List done
Event: 0.043 Loading class java/util/RandomAccess
Event: 0.043 Loading class java/util/RandomAccess done
Event: 0.043 Loading class java/util/AbstractList
Event: 0.043 Loading class java/util/AbstractCollection
Event: 0.043 Loading class java/util/AbstractCollection done
Event: 0.043 Loading class java/util/AbstractList done
Event: 0.043 Loading class java/util/ArrayList done
Event: 0.043 Loading class java/lang/StackTraceElement

Classes unloaded (0 events):
No events

Classes redefined (0 events):
No events

Internal exceptions (0 events):
No events

ZGC Phase Switch (0 events):
No events

VM Operations (0 events):
No events

Memory protections (0 events):
No events

Nmethod flushes (0 events):
No events

Events (1 events):
Event: 0.015 Thread 0x000001cf0932cd80 Thread added: 0x000001cf0932cd80


Dynamic libraries:
0x00007ff781330000 - 0x00007ff78133e000 	c:\Users\hp\.vscode\extensions\redhat.java-1.45.0-win32-x64\jre\21.0.8-win32-x86_64\bin\java.exe
0x00007ffdff220000 - 0x00007ffdff480000 	C:\WINDOWS\SYSTEM32\ntdll.dll
0x00007ffdfeb20000 - 0x00007ffdfebe7000 	C:\WINDOWS\System32\KERNEL32.DLL
0x00007ffdfca50000 - 0x00007ffdfce1a000 	C:\WINDOWS\System32\KERNELBASE.dll
0x00007ffdfce20000 - 0x00007ffdfcf6b000 	C:\WINDOWS\System32\ucrtbase.dll
0x00007ffdc6f20000 - 0x00007ffdc6f3e000 	c:\Users\hp\.vscode\extensions\redhat.java-1.45.0-win32-x64\jre\21.0.8-win32-x86_64\bin\VCRUNTIME140.dll
0x00007ffdcb370000 - 0x00007ffdcb388000 	c:\Users\hp\.vscode\extensions\redhat.java-1.45.0-win32-x64\jre\21.0.8-win32-x86_64\bin\jli.dll
0x00007ffdfd950000 - 0x00007ffdfdb1c000 	C:\WINDOWS\System32\USER32.dll
0x00007ffde78b0000 - 0x00007ffde7b47000 	C:\WINDOWS\WinSxS\amd64_microsoft.windows.common-controls_6595b64144ccf1df_6.0.26100.3624_none_3e086962e3345f24\COMCTL32.dll
0x00007ffdfca20000 - 0x00007ffdfca47000 	C:\WINDOWS\System32\win32u.dll
0x00007ffdfd0a0000 - 0x00007ffdfd149000 	C:\WINDOWS\System32\msvcrt.dll
0x00007ffdfd530000 - 0x00007ffdfd55a000 	C:\WINDOWS\System32\GDI32.dll
0x00007ffdfc790000 - 0x00007ffdfc8c1000 	C:\WINDOWS\System32\gdi32full.dll
0x00007ffdfcf70000 - 0x00007ffdfd013000 	C:\WINDOWS\System32\msvcp_win.dll
0x00007ffdfef90000 - 0x00007ffdfefbf000 	C:\WINDOWS\System32\IMM32.DLL
0x00007ffdf2130000 - 0x00007ffdf213c000 	c:\Users\hp\.vscode\extensions\redhat.java-1.45.0-win32-x64\jre\21.0.8-win32-x86_64\bin\vcruntime140_1.dll
0x00007ffd7e0e0000 - 0x00007ffd7e16d000 	c:\Users\hp\.vscode\extensions\redhat.java-1.45.0-win32-x64\jre\21.0.8-win32-x86_64\bin\msvcp140.dll
0x00007ffd3d000000 - 0x00007ffd3dd97000 	c:\Users\hp\.vscode\extensions\redhat.java-1.45.0-win32-x64\jre\21.0.8-win32-x86_64\bin\server\jvm.dll
0x00007ffdfefd0000 - 0x00007ffdff082000 	C:\WINDOWS\System32\ADVAPI32.dll
0x00007ffdfd840000 - 0x00007ffdfd8e6000 	C:\WINDOWS\System32\sechost.dll
0x00007ffdfdb30000 - 0x00007ffdfdc46000 	C:\WINDOWS\System32\RPCRT4.dll
0x00007ffdfd020000 - 0x00007ffdfd094000 	C:\WINDOWS\System32\WS2_32.dll
0x00007ffdfc250000 - 0x00007ffdfc2ae000 	C:\WINDOWS\SYSTEM32\POWRPROF.dll
0x00007ffdf4c60000 - 0x00007ffdf4c96000 	C:\WINDOWS\SYSTEM32\WINMM.dll
0x00007ffdf5240000 - 0x00007ffdf524b000 	C:\WINDOWS\SYSTEM32\VERSION.dll
0x00007ffdfc230000 - 0x00007ffdfc244000 	C:\WINDOWS\SYSTEM32\UMPDC.dll
0x00007ffdfb210000 - 0x00007ffdfb22a000 	C:\WINDOWS\SYSTEM32\kernel.appcore.dll
0x00007ffdf20c0000 - 0x00007ffdf20ca000 	c:\Users\hp\.vscode\extensions\redhat.java-1.45.0-win32-x64\jre\21.0.8-win32-x86_64\bin\jimage.dll
0x00007ffdee580000 - 0x00007ffdee7c1000 	C:\WINDOWS\SYSTEM32\DBGHELP.DLL
0x00007ffdfebf0000 - 0x00007ffdfef72000 	C:\WINDOWS\System32\combase.dll
0x00007ffdfe390000 - 0x00007ffdfe466000 	C:\WINDOWS\System32\OLEAUT32.dll
0x00007ffdb2210000 - 0x00007ffdb2249000 	C:\WINDOWS\SYSTEM32\dbgcore.DLL
0x00007ffdfc400000 - 0x00007ffdfc499000 	C:\WINDOWS\System32\bcryptPrimitives.dll
0x00007ffdedf00000 - 0x00007ffdedf0f000 	c:\Users\hp\.vscode\extensions\redhat.java-1.45.0-win32-x64\jre\21.0.8-win32-x86_64\bin\instrument.dll
0x00007ffdc4cf0000 - 0x00007ffdc4d0f000 	c:\Users\hp\.vscode\extensions\redhat.java-1.45.0-win32-x64\jre\21.0.8-win32-x86_64\bin\java.dll
0x00007ffdc0bf0000 - 0x00007ffdc0c08000 	c:\Users\hp\.vscode\extensions\redhat.java-1.45.0-win32-x64\jre\21.0.8-win32-x86_64\bin\zip.dll

JVMTI agents:
c:\Users\hp\.vscode\extensions\redhat.java-1.45.0-win32-x64\lombok\lombok-1.18.39-4050.jar path:none, loaded, not initialized, instrumentlib options:none

dbghelp: loaded successfully - version: 4.0.5 - missing functions: none
symbol engine: initialized successfully - sym options: 0x614 - pdb path: .;c:\Users\hp\.vscode\extensions\redhat.java-1.45.0-win32-x64\jre\21.0.8-win32-x86_64\bin;C:\WINDOWS\SYSTEM32;C:\WINDOWS\WinSxS\amd64_microsoft.windows.common-controls_6595b64144ccf1df_6.0.26100.3624_none_3e086962e3345f24;c:\Users\hp\.vscode\extensions\redhat.java-1.45.0-win32-x64\jre\21.0.8-win32-x86_64\bin\server

VM Arguments:
jvm_args: --add-modules=ALL-SYSTEM --add-opens=java.base/java.util=ALL-UNNAMED --add-opens=java.base/java.lang=ALL-UNNAMED --add-opens=java.base/sun.nio.fs=ALL-UNNAMED -Declipse.application=org.eclipse.jdt.ls.core.id1 -Dosgi.bundles.defaultStartLevel=4 -Declipse.product=org.eclipse.jdt.ls.core.product -Djava.import.generatesMetadataFilesAtProjectRoot=false -DDetectVMInstallationsJob.disabled=true -Dfile.encoding=utf8 -XX:+UseParallelGC -XX:GCTimeRatio=4 -XX:AdaptiveSizePolicyWeight=90 -Dsun.zip.disableMemoryMapping=true -Xmx2G -Xms100m -Xlog:disable -javaagent:c:\Users\hp\.vscode\extensions\redhat.java-1.45.0-win32-x64\lombok\lombok-1.18.39-4050.jar 
java_command: c:\Users\hp\.vscode\extensions\redhat.java-1.45.0-win32-x64\server\plugins\org.eclipse.equinox.launcher_1.7.0.v20250519-0528.jar -configuration c:\Users\hp\AppData\Roaming\Code\User\globalStorage\redhat.java\1.45.0\config_ss_win -data c:\Users\hp\AppData\Roaming\Code\User\workspaceStorage\cf13da3c2da04dbc724f1f2b3211e532\redhat.java\ss_ws --pipe=\\.\pipe\lsp-8dca999e6827d6dd116985fcb44fb8d2-sock
java_class_path (initial): c:\Users\hp\.vscode\extensions\redhat.java-1.45.0-win32-x64\server\plugins\org.eclipse.equinox.launcher_1.7.0.v20250519-0528.jar
Launcher Type: SUN_STANDARD

[Global flags]
    uintx AdaptiveSizePolicyWeight                 = 90                                        {product} {command line}
     intx CICompilerCount                          = 4                                         {product} {ergonomic}
    uintx GCTimeRatio                              = 4                                         {product} {command line}
   size_t InitialHeapSize                          = 104857600                                 {product} {command line}
   size_t MaxHeapSize                              = 2147483648                                {product} {command line}
   size_t MaxNewSize                               = 715653120                                 {product} {ergonomic}
   size_t MinHeapDeltaBytes                        = 524288                                    {product} {ergonomic}
   size_t MinHeapSize                              = 104857600                                 {product} {command line}
   size_t NewSize                                  = 34603008                                  {product} {ergonomic}
    uintx NonNMethodCodeHeapSize                   = 5839372                                {pd product} {ergonomic}
    uintx NonProfiledCodeHeapSize                  = 122909434                              {pd product} {ergonomic}
   size_t OldSize                                  = 70254592                                  {product} {ergonomic}
    uintx ProfiledCodeHeapSize                     = 122909434                              {pd product} {ergonomic}
    uintx ReservedCodeCacheSize                    = 251658240                              {pd product} {ergonomic}
     bool SegmentedCodeCache                       = true                                      {product} {ergonomic}
   size_t SoftMaxHeapSize                          = 2147483648                             {manageable} {ergonomic}
     bool UseCompressedOops                        = true                           {product lp64_product} {ergonomic}
     bool UseLargePagesIndividualAllocation        = false                                  {pd product} {ergonomic}
     bool UseParallelGC                            = true                                      {product} {command line}

Logging:
Log output configuration:
 #0: stdout all=off uptime,level,tags foldmultilines=false
 #1: stderr all=off uptime,level,tags foldmultilines=false

Environment Variables:
PATH=C:\Program Files\Python311\Scripts\;C:\Program Files\Python311\;C:\Program Files\Common Files\Oracle\Java\javapath;C:\windows\system32;C:\windows;C:\windows\System32\Wbem;C:\windows\System32\WindowsPowerShell\v1.0\;C:\windows\System32\OpenSSH\;C:\Program Files\Java\jdk-21\bin;C:\Program Files\HP\HP One Agent;C:\Users\hp\AppData\Roaming\nvm;C:\Program Files\nodejs;C:\Program Files\Git\cmd;C:\Program Files\dotnet\;C:\Program Files\MySQL\MySQL Server 8.0\bin;C:\Program Files\MongoDB\Server\7.0\bin;C:\Program Files\mongosh\mongosh-2.2.15-win32-x64\bin;C:\WINDOWS\system32;C:\WINDOWS;C:\WINDOWS\System32\Wbem;C:\WINDOWS\System32\WindowsPowerShell\v1.0\;C:\WINDOWS\System32\OpenSSH\;C:\Users\hp\AppData\Roaming\Python\Python311\Scripts;D:\bfcet\PS6-Phosphenes-master\hackrx-backend\ffmpeg-7.1.1\ffmpeg-7.1.1;D:\bfcet\PS6-Phosphenes-master\hackrx-backend\ffmpeg-7.1-essentials_build\ffmpeg-7.1-essentials_build\bin;D:\rustttt\VC\Tools\MSVC\14.44.35207\bin\Hostx64\x64;D:\MATLAB\bin;C:\Users\hp\.cargo\bin;C:\Program Files\MySQL\MySQL Shell 8.0\bin\;C:\Users\hp\AppData\Local\Microsoft\WindowsApps;D:\downloads\bin;C:\Users\hp\AppData\Local\Programs\Microsoft VS Code\bin;C:\Users\hp\AppData\Roaming\npm;C:\Users\hp\AppData\Local\Microsoft\WinGet\Packages\Schniz.fnm_Microsoft.Winget.Source_8wekyb3d8bbwe;C:\Users\hp\AppData\Roaming\nvm;C:\Program Files\nodejs;C:\Users\hp\AppData\Local\Microsoft\WindowsApps
USERNAME=hp
OS=Windows_NT
PROCESSOR_IDENTIFIER=AMD64 Family 25 Model 80 Stepping 0, AuthenticAMD
TMP=C:\Users\hp\AppData\Local\Temp
TEMP=C:\Users\hp\AppData\Local\Temp




Periodic native trim disabled

---------------  S Y S T E M  ---------------

OS:
 Windows 11 , 64 bit Build 26100 (10.0.26100.3775)
OS uptime: 0 days 2:19 hours
Hyper-V role detected

CPU: total 12 (initial active 12) (12 cores per cpu, 2 threads per core) family 25 model 80 stepping 0 microcode 0xa50000f, cx8, cmov, fxsr, ht, mmx, 3dnowpref, sse, sse2, sse3, ssse3, sse4a, sse4.1, sse4.2, popcnt, lzcnt, tsc, tscinvbit, avx, avx2, aes, erms, clmul, bmi1, bmi2, adx, sha, fma, vzeroupper, clflush, clflushopt, hv, rdtscp, rdpid, fsrm, f16c, cet_ss
Processor Information for processor 0
  Max Mhz: 3301, Current Mhz: 3301, Mhz Limit: 3301
Processor Information for processor 1
  Max Mhz: 3301, Current Mhz: 3301, Mhz Limit: 3301
Processor Information for processor 2
  Max Mhz: 3301, Current Mhz: 3301, Mhz Limit: 3301
Processor Information for processor 3
  Max Mhz: 3301, Current Mhz: 3301, Mhz Limit: 3301
Processor Information for processor 4
  Max Mhz: 3301, Current Mhz: 3301, Mhz Limit: 3301
Processor Information for processor 5
  Max Mhz: 3301, Current Mhz: 3301, Mhz Limit: 3301
Processor Information for processor 6
  Max Mhz: 3301, Current Mhz: 2011, Mhz Limit: 3301
Processor Information for processor 7
  Max Mhz: 3301, Current Mhz: 3301, Mhz Limit: 3301
Processor Information for processor 8
  Max Mhz: 3301, Current Mhz: 3301, Mhz Limit: 3301
Processor Information for processor 9
  Max Mhz: 3301, Current Mhz: 3301, Mhz Limit: 3301
Processor Information for processor 10
  Max Mhz: 3301, Current Mhz: 3301, Mhz Limit: 3301
Processor Information for processor 11
  Max Mhz: 3301, Current Mhz: 3301, Mhz Limit: 3301

Memory: 4k page, system-wide physical 15710M (1560M free)
TotalPageFile size 22491M (AvailPageFile size 47M)
current process WorkingSet (physical memory assigned to process): 17M, peak: 17M
current process commit charge ("private bytes"): 182M, peak: 191M

vm_info: OpenJDK 64-Bit Server VM (21.0.8+9-LTS) for windows-amd64 JRE (21.0.8+9-LTS), built on 2025-07-15T00:00:00Z by "admin" with MS VC++ 17.7 (VS2022)

END.
