#
# There is insufficient memory for the Java Runtime Environment to continue.
# Native memory allocation (mmap) failed to map 65536 bytes. Error detail: Failed to commit metaspace.
# Possible reasons:
#   The system is out of physical RAM or swap space
#   This process is running with CompressedOops enabled, and the Java Heap may be blocking the growth of the native heap
# Possible solutions:
#   Reduce memory load on the system
#   Increase physical memory or swap space
#   Check if swap backing store is full
#   Decrease Java heap size (-Xmx/-Xms)
#   Decrease number of Java threads
#   Decrease Java thread stack sizes (-Xss)
#   Set larger code cache with -XX:ReservedCodeCacheSize=
#   JVM is running with Unscaled Compressed Oops mode in which the Java heap is
#     placed in the first 4GB address space. The Java Heap base address is the
#     maximum limit for the native heap growth. Please use -XX:HeapBaseMinAddress
#     to set the Java Heap base and to place the Java Heap above 4GB virtual address.
# This output file may be truncated or incomplete.
#
#  Out of Memory Error (virtualSpaceNode.cpp:113), pid=21888, tid=24044
#
# JRE version: OpenJDK Runtime Environment Temurin-21.0.8+9 (21.0.8+9) (build 21.0.8+9-LTS)
# Java VM: OpenJDK 64-Bit Server VM Temurin-21.0.8+9 (21.0.8+9-LTS, mixed mode, sharing, tiered, compressed oops, compressed class ptrs, parallel gc, windows-amd64)
# No core dump will be written. Minidumps are not enabled by default on client versions of Windows
#

---------------  S U M M A R Y ------------

Command Line: --add-modules=ALL-SYSTEM --add-opens=java.base/java.util=ALL-UNNAMED --add-opens=java.base/java.lang=ALL-UNNAMED --add-opens=java.base/sun.nio.fs=ALL-UNNAMED -Declipse.application=org.eclipse.jdt.ls.core.id1 -Dosgi.bundles.defaultStartLevel=4 -Declipse.product=org.eclipse.jdt.ls.core.product -Djava.import.generatesMetadataFilesAtProjectRoot=false -DDetectVMInstallationsJob.disabled=true -Dfile.encoding=utf8 -XX:+UseParallelGC -XX:GCTimeRatio=4 -XX:AdaptiveSizePolicyWeight=90 -Dsun.zip.disableMemoryMapping=true -Xmx2G -Xms100m -Xlog:disable -javaagent:c:\Users\hp\.vscode\extensions\redhat.java-1.45.0-win32-x64\lombok\lombok-1.18.39-4050.jar c:\Users\hp\.vscode\extensions\redhat.java-1.45.0-win32-x64\server\plugins\org.eclipse.equinox.launcher_1.7.0.v20250519-0528.jar -configuration c:\Users\hp\AppData\Roaming\Code\User\globalStorage\redhat.java\1.45.0\config_ss_win -data c:\Users\hp\AppData\Roaming\Code\User\workspaceStorage\cf13da3c2da04dbc724f1f2b3211e532\redhat.java\ss_ws --pipe=\\.\pipe\lsp-c6cba837bbb091d9bae3e06a428bed36-sock

Host: AMD Ryzen 5 5600H with Radeon Graphics         , 12 cores, 15G,  Windows 11 , 64 bit Build 26100 (10.0.26100.3775)
Time: Mon Sep  8 23:00:38 2025 India Standard Time elapsed time: 0.317148 seconds (0d 0h 0m 0s)

---------------  T H R E A D  ---------------

Current thread (0x00000296894a4e00):  JavaThread "main"             [_thread_in_vm, id=24044, stack(0x000000f50af00000,0x000000f50b000000) (1024K)]

Stack: [0x000000f50af00000,0x000000f50b000000]
Native frames: (J=compiled Java code, j=interpreted, Vv=VM code, C=native code)
V  [jvm.dll+0x6d2449]
V  [jvm.dll+0x8ae341]
V  [jvm.dll+0x8b08be]
V  [jvm.dll+0x8b0fa3]
V  [jvm.dll+0x280c96]
V  [jvm.dll+0x8aa07e]
V  [jvm.dll+0x6745b5]
V  [jvm.dll+0x67461a]
V  [jvm.dll+0x676e02]
V  [jvm.dll+0x676cd2]
V  [jvm.dll+0x674f8e]
V  [jvm.dll+0x67f237]
V  [jvm.dll+0x21695d]
V  [jvm.dll+0x216eda]
V  [jvm.dll+0x217905]
V  [jvm.dll+0x20cece]
V  [jvm.dll+0x5b19dc]
V  [jvm.dll+0x21e5ba]
V  [jvm.dll+0x826c6c]
V  [jvm.dll+0x827c94]
V  [jvm.dll+0x828262]
V  [jvm.dll+0x827ee8]
V  [jvm.dll+0x26e30b]
V  [jvm.dll+0x3d725e]
C  0x0000029693bd925f

The last pc belongs to new (printed below).
Java frames: (J=compiled Java code, j=interpreted, Vv=VM code)
j  sun.security.util.DerValue.getUnalignedBitString(Z)Lsun/security/util/BitArray;+112 java.base@21.0.8
j  sun.security.util.DerValue.getUnalignedBitString()Lsun/security/util/BitArray;+2 java.base@21.0.8
j  sun.security.util.DerInputStream.getUnalignedBitString()Lsun/security/util/BitArray;+4 java.base@21.0.8
j  sun.security.x509.X509Key.parse(Lsun/security/util/DerValue;)Ljava/security/PublicKey;+35 java.base@21.0.8
j  sun.security.x509.CertificateX509Key.<init>(Lsun/security/util/DerInputStream;)V+11 java.base@21.0.8
j  sun.security.x509.X509CertInfo.parse(Lsun/security/util/DerValue;)V+182 java.base@21.0.8
j  sun.security.x509.X509CertInfo.<init>(Lsun/security/util/DerValue;)V+67 java.base@21.0.8
j  sun.security.x509.X509CertImpl.parse(Lsun/security/util/DerValue;)V+210 java.base@21.0.8
j  sun.security.x509.X509CertImpl.<init>([B)V+45 java.base@21.0.8
j  sun.security.provider.X509Factory.cachedGetX509Cert([B)Lsun/security/x509/X509CertImpl;+22 java.base@21.0.8
j  sun.security.provider.X509Factory.engineGenerateCertificate(Ljava/io/InputStream;)Ljava/security/cert/Certificate;+33 java.base@21.0.8
j  java.security.cert.CertificateFactory.generateCertificate(Ljava/io/InputStream;)Ljava/security/cert/Certificate;+5 java.base@21.0.8
j  sun.security.pkcs.PKCS7.parseSignedData(Lsun/security/util/DerValue;)V+279 java.base@21.0.8
j  sun.security.pkcs.PKCS7.parse(Lsun/security/util/DerInputStream;Z)V+51 java.base@21.0.8
j  sun.security.pkcs.PKCS7.parse(Lsun/security/util/DerInputStream;)V+11 java.base@21.0.8
j  sun.security.pkcs.PKCS7.<init>([B)V+50 java.base@21.0.8
j  sun.security.util.SignatureFileVerifier.<init>(Ljava/util/ArrayList;Lsun/security/util/ManifestDigester;Ljava/lang/String;[B)V+35 java.base@21.0.8
j  java.util.jar.JarVerifier.processEntry(Lsun/security/util/ManifestEntryVerifier;)V+319 java.base@21.0.8
j  java.util.jar.JarVerifier.update(I[BIILsun/security/util/ManifestEntryVerifier;)V+39 java.base@21.0.8
j  java.util.jar.JarFile.initializeVerifier()V+164 java.base@21.0.8
j  java.util.jar.JarFile.ensureInitialization()V+36 java.base@21.0.8
j  java.util.jar.JavaUtilJarAccessImpl.ensureInitialization(Ljava/util/jar/JarFile;)V+1 java.base@21.0.8
j  jdk.internal.loader.URLClassPath$JarLoader$2.getManifest()Ljava/util/jar/Manifest;+10 java.base@21.0.8
j  jdk.internal.loader.BuiltinClassLoader.defineClass(Ljava/lang/String;Ljdk/internal/loader/Resource;)Ljava/lang/Class;+29 java.base@21.0.8
j  jdk.internal.loader.BuiltinClassLoader.findClassOnClassPathOrNull(Ljava/lang/String;)Ljava/lang/Class;+37 java.base@21.0.8
j  jdk.internal.loader.BuiltinClassLoader.loadClassOrNull(Ljava/lang/String;Z)Ljava/lang/Class;+111 java.base@21.0.8
j  jdk.internal.loader.BuiltinClassLoader.loadClass(Ljava/lang/String;Z)Ljava/lang/Class;+3 java.base@21.0.8
j  jdk.internal.loader.ClassLoaders$AppClassLoader.loadClass(Ljava/lang/String;Z)Ljava/lang/Class;+36 java.base@21.0.8
j  java.lang.ClassLoader.loadClass(Ljava/lang/String;)Ljava/lang/Class;+3 java.base@21.0.8
v  ~StubRoutines::call_stub 0x0000029693bc100d
j  java.lang.Class.forName0(Ljava/lang/String;ZLjava/lang/ClassLoader;Ljava/lang/Class;)Ljava/lang/Class;+0 java.base@21.0.8
j  java.lang.Class.forName(Ljava/lang/String;ZLjava/lang/ClassLoader;Ljava/lang/Class;)Ljava/lang/Class;+37 java.base@21.0.8
j  java.lang.Class.forName(Ljava/lang/String;ZLjava/lang/ClassLoader;)Ljava/lang/Class;+20 java.base@21.0.8
j  sun.launcher.LauncherHelper.loadMainClass(ILjava/lang/String;)Ljava/lang/Class;+95 java.base@21.0.8
j  sun.launcher.LauncherHelper.checkAndLoadMain(ZILjava/lang/String;)Ljava/lang/Class;+42 java.base@21.0.8
v  ~StubRoutines::call_stub 0x0000029693bc100d
new  187 new  [0x0000029693bd90e0, 0x0000029693bd92e8]  520 bytes
[MachCode]
  0x0000029693bd90e0: 4883 ec08 | c5fa 1104 | 24eb 1f48 | 83ec 10c5 | fb11 0424 | eb14 4883 | ec10 4889 | 0424 48c7 
  0x0000029693bd9100: 4424 0800 | 0000 00eb | 0150 410f | b755 010f | cac1 ea10 | 488b 4de8 | 488b 4908 | 488b 4908 
  0x0000029693bd9120: 488b 4108 | 807c 1004 | 070f 85d3 | 0000 0066 | 8b54 d148 | 488b 4928 | 488b 4cd1 | 0851 80b9 
  0x0000029693bd9140: 3101 0000 | 040f 85b6 | 0000 008b | 5108 f6c2 | 010f 85aa | 0000 0049 | 8b87 b801 | 0000 488d 
  0x0000029693bd9160: 1c10 493b | 9fc8 0100 | 000f 8792 | 0000 0049 | 899f b801 | 0000 4883 | ea10 0f84 | 0f00 0000 
  0x0000029693bd9180: 33c9 c1ea | 0348 894c | d008 48ff | ca75 f648 | c700 0100 | 0000 5933 | f689 700c | 49ba 0000 
  0x0000029693bd91a0: 00a0 9602 | 0000 492b | ca89 4808 | 49ba 57cc | c93d fd7f | 0000 4180 | 3a00 0f84 | 3c00 0000 
  0x0000029693bd91c0: 5048 8bc8 | 4883 ec20 | 40f6 c40f | 0f84 1900 | 0000 4883 | ec08 48b8 | d08d 733d | fd7f 0000 
  0x0000029693bd91e0: ffd0 4883 | c408 e90c | 0000 0048 | b8d0 8d73 | 3dfd 7f00 | 00ff d048 | 83c4 2058 | e9cb 0000 
  0x0000029693bd9200: 0059 488b | 55e8 488b | 5208 488b | 5208 450f | b745 0141 | 0fc8 41c1 | e810 e805 | 0000 00e9 
  0x0000029693bd9220: a800 0000 | 488d 4424 | 084c 896d | c049 8bcf | c5f8 7749 | 89af a803 | 0000 4989 | 8798 0300 
  0x0000029693bd9240: 0048 83ec | 2040 f6c4 | 0f0f 8419 | 0000 0048 | 83ec 0848 | b810 723d | 3dfd 7f00 | 00ff d048 
  0x0000029693bd9260: 83c4 08e9 | 0c00 0000 | 48b8 1072 | 3d3d fd7f | 0000 ffd0 | 4883 c420 | 49c7 8798 | 0300 0000 
  0x0000029693bd9280: 0000 0049 | c787 a803 | 0000 0000 | 0000 49c7 | 87a0 0300 | 0000 0000 | 00c5 f877 | 4983 7f08 
  0x0000029693bd92a0: 000f 8405 | 0000 00e9 | 547c feff | 498b 87f0 | 0300 0049 | c787 f003 | 0000 0000 | 0000 4c8b 
  0x0000029693bd92c0: 6dc0 4c8b | 75c8 4e8d | 74f5 00c3 | 410f b65d | 0349 83c5 | 0349 ba30 | 94cc 3dfd | 7f00 0041 
  0x0000029693bd92e0: ff24 da0f | 1f44 0000 
[/MachCode]

---------------  P R O C E S S  ---------------

Threads class SMR info:
_java_thread_list=0x00000296e25ad0d0, length=12, elements={
0x00000296894a4e00, 0x00000296895473d0, 0x000002968944e590, 0x000002968954c7d0,
0x000002968954fae0, 0x00000296895562d0, 0x0000029689558f90, 0x00000296e225afa0,
0x00000296e225c6f0, 0x00000296e2352300, 0x00000296e235de80, 0x00000296e2594300
}

Java Threads: ( => current thread )
=>0x00000296894a4e00 JavaThread "main"                              [_thread_in_vm, id=24044, stack(0x000000f50af00000,0x000000f50b000000) (1024K)]
  0x00000296895473d0 JavaThread "Reference Handler"          daemon [_thread_blocked, id=11540, stack(0x000000f50b300000,0x000000f50b400000) (1024K)]
  0x000002968944e590 JavaThread "Finalizer"                  daemon [_thread_blocked, id=11360, stack(0x000000f50b400000,0x000000f50b500000) (1024K)]
  0x000002968954c7d0 JavaThread "Signal Dispatcher"          daemon [_thread_blocked, id=3124, stack(0x000000f50b500000,0x000000f50b600000) (1024K)]
  0x000002968954fae0 JavaThread "Attach Listener"            daemon [_thread_blocked, id=22264, stack(0x000000f50b600000,0x000000f50b700000) (1024K)]
  0x00000296895562d0 JavaThread "Service Thread"             daemon [_thread_blocked, id=23740, stack(0x000000f50b700000,0x000000f50b800000) (1024K)]
  0x0000029689558f90 JavaThread "Monitor Deflation Thread"   daemon [_thread_blocked, id=6052, stack(0x000000f50b800000,0x000000f50b900000) (1024K)]
  0x00000296e225afa0 JavaThread "C2 CompilerThread0"         daemon [_thread_blocked, id=24060, stack(0x000000f50b900000,0x000000f50ba00000) (1024K)]
  0x00000296e225c6f0 JavaThread "C1 CompilerThread0"         daemon [_thread_blocked, id=12032, stack(0x000000f50ba00000,0x000000f50bb00000) (1024K)]
  0x00000296e2352300 JavaThread "Common-Cleaner"             daemon [_thread_blocked, id=20008, stack(0x000000f50bb00000,0x000000f50bc00000) (1024K)]
  0x00000296e235de80 JavaThread "C2 CompilerThread1"         daemon [_thread_blocked, id=24488, stack(0x000000f50bc00000,0x000000f50bd00000) (1024K)]
  0x00000296e2594300 JavaThread "Notification Thread"        daemon [_thread_blocked, id=13652, stack(0x000000f50bd00000,0x000000f50be00000) (1024K)]
Total: 12

Other Threads:
  0x0000029689542c00 VMThread "VM Thread"                           [id=10244, stack(0x000000f50b200000,0x000000f50b300000) (1024K)]
  0x000002968932c330 WatcherThread "VM Periodic Task Thread"        [id=8624, stack(0x000000f50b100000,0x000000f50b200000) (1024K)]
  0x00000296894c3af0 WorkerThread "GC Thread#0"                     [id=12092, stack(0x000000f50b000000,0x000000f50b100000) (1024K)]
Total: 3

Threads with active compile tasks:
Total: 0

VM state: not at safepoint (normal execution)

VM Mutex/Monitor currently owned by a thread:  ([mutex/lock_event])
[0x00007ffd3dcb3458] Metaspace_lock - owner thread: 0x00000296894a4e00

Heap address: 0x0000000080000000, size: 2048 MB, Compressed Oops mode: 32-bit

CDS archive(s) mapped at: [0x00000296a0000000-0x00000296a0ba0000-0x00000296a0ba0000), size 12189696, SharedBaseAddress: 0x00000296a0000000, ArchiveRelocationMode: 1.
Compressed class space mapped at: 0x00000296a1000000-0x00000296e1000000, reserved size: 1073741824
Narrow klass base: 0x00000296a0000000, Narrow klass shift: 0, Narrow klass range: 0x100000000

GC Precious Log:
 CardTable entry size: 512
 CPUs: 12 total, 12 available
 Memory: 15710M
 Large Page Support: Disabled
 NUMA Support: Disabled
 Compressed Oops: Enabled (32-bit)
 Alignments: Space 512K, Generation 512K, Heap 2M
 Heap Min Capacity: 100M
 Heap Initial Capacity: 100M
 Heap Max Capacity: 2G
 Pre-touch: Disabled
 Parallel Workers: 10

Heap:
 PSYoungGen      total 29696K, used 11440K [0x00000000d5580000, 0x00000000d7680000, 0x0000000100000000)
  eden space 25600K, 44% used [0x00000000d5580000,0x00000000d60ac1d0,0x00000000d6e80000)
  from space 4096K, 0% used [0x00000000d7280000,0x00000000d7280000,0x00000000d7680000)
  to   space 4096K, 0% used [0x00000000d6e80000,0x00000000d6e80000,0x00000000d7280000)
 ParOldGen       total 68608K, used 0K [0x0000000080000000, 0x0000000084300000, 0x00000000d5580000)
  object space 68608K, 0% used [0x0000000080000000,0x0000000080000000,0x0000000084300000)
 Metaspace       used 1754K, committed 1920K, reserved 1114112K
  class space    used 169K, committed 256K, reserved 1048576K

Card table byte_map: [0x0000029688e40000,0x0000029689250000] _byte_map_base: 0x0000029688a40000

Marking Bits: (ParMarkBitMap*) 0x00007ffd3dcba340
 Begin Bits: [0x000002969b940000, 0x000002969d940000)
 End Bits:   [0x000002969d940000, 0x000002969f940000)

Polling page: 0x0000029687260000

Metaspace:

Usage:
  Non-class:      1.55 MB used.
      Class:    169.87 KB used.
       Both:      1.71 MB used.

Virtual space:
  Non-class space:       64.00 MB reserved,       1.62 MB (  3%) committed,  1 nodes.
      Class space:        1.00 GB reserved,     256.00 KB ( <1%) committed,  1 nodes.
             Both:        1.06 GB reserved,       1.88 MB ( <1%) committed. 

Chunk freelists:
   Non-Class:  11.65 MB
       Class:  15.67 MB
        Both:  27.33 MB

MaxMetaspaceSize: unlimited
CompressedClassSpaceSize: 1.00 GB
Initial GC threshold: 21.00 MB
Current GC threshold: 21.00 MB
CDS: on
 - commit_granule_bytes: 65536.
 - commit_granule_words: 8192.
 - virtual_space_node_default_size: 8388608.
 - enlarge_chunks_in_place: 1.
 - use_allocation_guard: 0.


Internal statistics:

num_allocs_failed_limit: 0.
num_arena_births: 76.
num_arena_deaths: 0.
num_vsnodes_births: 2.
num_vsnodes_deaths: 0.
num_space_committed: 30.
num_space_uncommitted: 0.
num_chunks_returned_to_freelist: 0.
num_chunks_taken_from_freelist: 98.
num_chunk_merges: 0.
num_chunk_splits: 69.
num_chunks_enlarged: 44.
num_inconsistent_stats: 0.

CodeHeap 'non-profiled nmethods': size=120000Kb used=212Kb max_used=212Kb free=119787Kb
 bounds [0x0000029694160000, 0x00000296943d0000, 0x000002969b690000]
CodeHeap 'profiled nmethods': size=120000Kb used=853Kb max_used=853Kb free=119146Kb
 bounds [0x000002968c690000, 0x000002968c900000, 0x0000029693bc0000]
CodeHeap 'non-nmethods': size=5760Kb used=1159Kb max_used=1176Kb free=4600Kb
 bounds [0x0000029693bc0000, 0x0000029693e30000, 0x0000029694160000]
CodeCache: size=245760Kb, used=2224Kb, max_used=2241Kb, free=243533Kb
 total_blobs=1006, nmethods=596, adapters=317, full_count=0
Compilation: enabled, stopped_count=0, restarted_count=0

Compilation events (20 events):
Event: 0.307 Thread 0x00000296e225c6f0 nmethod 582 0x0000029694193010 code [0x00000296941931a0, 0x0000029694193268]
Event: 0.307 Thread 0x00000296e225c6f0  586       3       jdk.internal.org.objectweb.asm.SymbolTable::addType (81 bytes)
Event: 0.307 Thread 0x00000296e225afa0 nmethod 584 0x0000029694193610 code [0x00000296941937a0, 0x0000029694193880]
Event: 0.308 Thread 0x00000296e225c6f0 nmethod 586 0x000002968c760490 code [0x000002968c7606a0, 0x000002968c760be0]
Event: 0.308 Thread 0x00000296e225c6f0  587       3       jdk.internal.org.objectweb.asm.Type::getArgumentsAndReturnSizes (140 bytes)
Event: 0.309 Thread 0x00000296e225c6f0 nmethod 587 0x000002968c760e90 code [0x000002968c761260, 0x000002968c762dc0]
Event: 0.309 Thread 0x00000296e225c6f0  588       3       java.lang.Number::<init> (5 bytes)
Event: 0.309 Thread 0x00000296e225c6f0 nmethod 588 0x000002968c763890 code [0x000002968c763a40, 0x000002968c763ba8]
Event: 0.309 Thread 0x00000296e225c6f0  589       3       java.lang.Byte::<init> (10 bytes)
Event: 0.310 Thread 0x00000296e225c6f0 nmethod 589 0x000002968c763c90 code [0x000002968c763e40, 0x000002968c764008]
Event: 0.311 Thread 0x00000296e225afa0  590       4       java.util.HashMap$HashIterator::<init> (79 bytes)
Event: 0.312 Thread 0x00000296e225c6f0  591       3       java.util.concurrent.ConcurrentHashMap$Node::<init> (14 bytes)
Event: 0.312 Thread 0x00000296e225c6f0 nmethod 591 0x000002968c764110 code [0x000002968c7642c0, 0x000002968c7644d8]
Event: 0.312 Thread 0x00000296e225c6f0  592       3       sun.security.util.ObjectIdentifier::checkOtherComponent (41 bytes)
Event: 0.312 Thread 0x00000296e225c6f0 nmethod 592 0x000002968c764610 code [0x000002968c764860, 0x000002968c764f00]
Event: 0.312 Thread 0x00000296e225c6f0  593       3       java.lang.invoke.MethodHandles$Lookup::lookupClassOrNull (17 bytes)
Event: 0.312 Thread 0x00000296e225c6f0 nmethod 593 0x000002968c765210 code [0x000002968c7653c0, 0x000002968c765548]
Event: 0.314 Thread 0x00000296e235de80  594       4       java.util.ArrayList$Itr::next (66 bytes)
Event: 0.315 Thread 0x00000296e235de80 nmethod 594 0x0000029694193990 code [0x0000029694193b20, 0x0000029694193c88]
Event: 0.315 Thread 0x00000296e235de80  595       4       java.lang.String::replace (42 bytes)

GC Heap History (0 events):
No events

Dll operation events (8 events):
Event: 0.009 Loaded shared library c:\Users\hp\.vscode\extensions\redhat.java-1.45.0-win32-x64\jre\21.0.8-win32-x86_64\bin\java.dll
Event: 0.061 Loaded shared library c:\Users\hp\.vscode\extensions\redhat.java-1.45.0-win32-x64\jre\21.0.8-win32-x86_64\bin\zip.dll
Event: 0.076 Loaded shared library C:\Users\hp\.vscode\extensions\redhat.java-1.45.0-win32-x64\jre\21.0.8-win32-x86_64\bin\instrument.dll
Event: 0.081 Loaded shared library C:\Users\hp\.vscode\extensions\redhat.java-1.45.0-win32-x64\jre\21.0.8-win32-x86_64\bin\net.dll
Event: 0.083 Loaded shared library C:\Users\hp\.vscode\extensions\redhat.java-1.45.0-win32-x64\jre\21.0.8-win32-x86_64\bin\nio.dll
Event: 0.087 Loaded shared library C:\Users\hp\.vscode\extensions\redhat.java-1.45.0-win32-x64\jre\21.0.8-win32-x86_64\bin\zip.dll
Event: 0.102 Loaded shared library C:\Users\hp\.vscode\extensions\redhat.java-1.45.0-win32-x64\jre\21.0.8-win32-x86_64\bin\jimage.dll
Event: 0.169 Loaded shared library c:\Users\hp\.vscode\extensions\redhat.java-1.45.0-win32-x64\jre\21.0.8-win32-x86_64\bin\verify.dll

Deoptimization events (20 events):
Event: 0.236 Thread 0x00000296894a4e00 Uncommon trap: trap_request=0xffffff45 fr.pc=0x00000296941702ac relative=0x000000000000066c
Event: 0.236 Thread 0x00000296894a4e00 Uncommon trap: reason=unstable_if action=reinterpret pc=0x00000296941702ac method=java.util.HashMap.putVal(ILjava/lang/Object;Ljava/lang/Object;ZZ)Ljava/lang/Object; @ 69 c2
Event: 0.236 Thread 0x00000296894a4e00 DEOPT PACKING pc=0x00000296941702ac sp=0x000000f50affe0d0
Event: 0.236 Thread 0x00000296894a4e00 DEOPT UNPACKING pc=0x0000029693c13aa2 sp=0x000000f50affe050 mode 2
Event: 0.249 Thread 0x00000296894a4e00 DEOPT PACKING pc=0x000002968c6d06d8 sp=0x000000f50affdad0
Event: 0.249 Thread 0x00000296894a4e00 DEOPT UNPACKING pc=0x0000029693c14242 sp=0x000000f50affcf90 mode 0
Event: 0.249 Thread 0x00000296894a4e00 Uncommon trap: trap_request=0xffffff45 fr.pc=0x0000029694171160 relative=0x00000000000000c0
Event: 0.249 Thread 0x00000296894a4e00 Uncommon trap: reason=unstable_if action=reinterpret pc=0x0000029694171160 method=java.lang.String.isLatin1()Z @ 10 c2
Event: 0.249 Thread 0x00000296894a4e00 DEOPT PACKING pc=0x0000029694171160 sp=0x000000f50affee50
Event: 0.249 Thread 0x00000296894a4e00 DEOPT UNPACKING pc=0x0000029693c13aa2 sp=0x000000f50affed90 mode 2
Event: 0.252 Thread 0x00000296894a4e00 DEOPT PACKING pc=0x000002968c6d06d8 sp=0x000000f50affc920
Event: 0.252 Thread 0x00000296894a4e00 DEOPT UNPACKING pc=0x0000029693c14242 sp=0x000000f50affbde0 mode 0
Event: 0.256 Thread 0x00000296894a4e00 DEOPT PACKING pc=0x000002968c6d06d8 sp=0x000000f50affc300
Event: 0.256 Thread 0x00000296894a4e00 DEOPT UNPACKING pc=0x0000029693c14242 sp=0x000000f50affb7c0 mode 0
Event: 0.259 Thread 0x00000296894a4e00 DEOPT PACKING pc=0x000002968c6d06d8 sp=0x000000f50affa5f0
Event: 0.259 Thread 0x00000296894a4e00 DEOPT UNPACKING pc=0x0000029693c14242 sp=0x000000f50aff9ab0 mode 0
Event: 0.260 Thread 0x00000296894a4e00 DEOPT PACKING pc=0x000002968c6d06d8 sp=0x000000f50affa960
Event: 0.260 Thread 0x00000296894a4e00 DEOPT UNPACKING pc=0x0000029693c14242 sp=0x000000f50aff9e20 mode 0
Event: 0.261 Thread 0x00000296894a4e00 DEOPT PACKING pc=0x000002968c6d06d8 sp=0x000000f50affac30
Event: 0.261 Thread 0x00000296894a4e00 DEOPT UNPACKING pc=0x0000029693c14242 sp=0x000000f50affa0f0 mode 0

Classes loaded (20 events):
Event: 0.311 Loading class sun/security/x509/GeneralNameInterface
Event: 0.311 Loading class sun/security/x509/GeneralNameInterface done
Event: 0.311 Loading class sun/security/x509/X500Name done
Event: 0.312 Loading class javax/security/auth/x500/X500Principal
Event: 0.313 Loading class javax/security/auth/x500/X500Principal done
Event: 0.313 Loading class sun/security/x509/RDN
Event: 0.313 Loading class sun/security/x509/RDN done
Event: 0.313 Loading class sun/security/x509/AVA
Event: 0.313 Loading class sun/security/x509/AVA done
Event: 0.313 Loading class sun/security/x509/CertificateValidity
Event: 0.313 Loading class sun/security/x509/CertificateValidity done
Event: 0.315 Loading class sun/security/x509/CertificateX509Key
Event: 0.315 Loading class sun/security/x509/CertificateX509Key done
Event: 0.315 Loading class sun/security/x509/X509Key
Event: 0.315 Loading class java/security/PublicKey
Event: 0.315 Loading class java/security/Key
Event: 0.315 Loading class java/security/Key done
Event: 0.315 Loading class java/security/PublicKey done
Event: 0.315 Loading class sun/security/x509/X509Key done
Event: 0.315 Loading class sun/security/util/BitArray

Classes unloaded (0 events):
No events

Classes redefined (0 events):
No events

Internal exceptions (11 events):
Event: 0.058 Thread 0x00000296894a4e00 Exception <a 'java/lang/NoSuchMethodError'{0x00000000d57aa2c8}: 'void java.lang.invoke.DirectMethodHandle$Holder.invokeStatic(java.lang.Object, java.lang.Object, java.lang.Object)'> (0x00000000d57aa2c8) 
thrown [s\src\hotspot\share\interpreter\linkResolver.cpp, line 773]
Event: 0.096 Thread 0x00000296894a4e00 Exception <a 'java/lang/NoSuchMethodError'{0x00000000d5912b50}: 'java.lang.Object java.lang.invoke.Invokers$Holder.invokeExact_MT(java.lang.Object, java.lang.Object, java.lang.Object, java.lang.Object, java.lang.Object)'> (0x00000000d5912b50) 
thrown [s\src\hotspot\share\interpreter\linkResolver.cpp, line 773]
Event: 0.127 Thread 0x00000296894a4e00 Exception <a 'java/lang/NoSuchMethodError'{0x00000000d59cb980}: 'int java.lang.invoke.DirectMethodHandle$Holder.invokeSpecial(java.lang.Object, java.lang.Object, java.lang.Object, int)'> (0x00000000d59cb980) 
thrown [s\src\hotspot\share\interpreter\linkResolver.cpp, line 773]
Event: 0.129 Thread 0x00000296894a4e00 Exception <a 'java/lang/NoSuchMethodError'{0x00000000d59de368}: 'java.lang.Object java.lang.invoke.DirectMethodHandle$Holder.invokeStatic(java.lang.Object, java.lang.Object, java.lang.Object, java.lang.Object, int)'> (0x00000000d59de368) 
thrown [s\src\hotspot\share\interpreter\linkResolver.cpp, line 773]
Event: 0.131 Thread 0x00000296894a4e00 Exception <a 'java/lang/NoSuchMethodError'{0x00000000d59e97a8}: 'void java.lang.invoke.DelegatingMethodHandle$Holder.reinvoke_L(java.lang.Object, java.lang.Object, java.lang.Object, int, java.lang.Object)'> (0x00000000d59e97a8) 
thrown [s\src\hotspot\share\interpreter\linkResolver.cpp, line 773]
Event: 0.133 Thread 0x00000296894a4e00 Exception <a 'java/lang/NoSuchMethodError'{0x00000000d59fa0f8}: 'int java.lang.invoke.DirectMethodHandle$Holder.invokeSpecial(java.lang.Object, java.lang.Object, java.lang.Object)'> (0x00000000d59fa0f8) 
thrown [s\src\hotspot\share\interpreter\linkResolver.cpp, line 773]
Event: 0.135 Thread 0x00000296894a4e00 Exception <a 'java/lang/NoSuchMethodError'{0x00000000d5a05db8}: 'java.lang.Object java.lang.invoke.DirectMethodHandle$Holder.invokeStatic(java.lang.Object, java.lang.Object, int)'> (0x00000000d5a05db8) 
thrown [s\src\hotspot\share\interpreter\linkResolver.cpp, line 773]
Event: 0.136 Thread 0x00000296894a4e00 Exception <a 'java/lang/NoSuchMethodError'{0x00000000d5a0a708}: 'void java.lang.invoke.DirectMethodHandle$Holder.invokeStatic(java.lang.Object, java.lang.Object, int, java.lang.Object)'> (0x00000000d5a0a708) 
thrown [s\src\hotspot\share\interpreter\linkResolver.cpp, line 773]
Event: 0.136 Thread 0x00000296894a4e00 Exception <a 'java/lang/NoSuchMethodError'{0x00000000d5a0e298}: 'void java.lang.invoke.DirectMethodHandle$Holder.invokeSpecial(java.lang.Object, java.lang.Object, java.lang.Object, int, java.lang.Object)'> (0x00000000d5a0e298) 
thrown [s\src\hotspot\share\interpreter\linkResolver.cpp, line 773]
Event: 0.136 Thread 0x00000296894a4e00 Exception <a 'java/lang/NoSuchMethodError'{0x00000000d5a11708}: 'void java.lang.invoke.DelegatingMethodHandle$Holder.delegate(java.lang.Object, java.lang.Object, int, java.lang.Object)'> (0x00000000d5a11708) 
thrown [s\src\hotspot\share\interpreter\linkResolver.cpp, line 773]
Event: 0.192 Thread 0x00000296894a4e00 Exception <a 'java/lang/NoSuchMethodError'{0x00000000d5bd2ea0}: 'void java.lang.invoke.DelegatingMethodHandle$Holder.reinvoke_L(java.lang.Object, java.lang.Object, java.lang.Object, int)'> (0x00000000d5bd2ea0) 
thrown [s\src\hotspot\share\interpreter\linkResolver.cpp, line 773]

ZGC Phase Switch (0 events):
No events

VM Operations (4 events):
Event: 0.060 Executing VM operation: HandshakeAllThreads (Deoptimize)
Event: 0.060 Executing VM operation: HandshakeAllThreads (Deoptimize) done
Event: 0.112 Executing VM operation: HandshakeAllThreads (Deoptimize)
Event: 0.112 Executing VM operation: HandshakeAllThreads (Deoptimize) done

Memory protections (0 events):
No events

Nmethod flushes (0 events):
No events

Events (12 events):
Event: 0.021 Thread 0x00000296894a4e00 Thread added: 0x00000296894a4e00
Event: 0.035 Thread 0x00000296894a4e00 Thread added: 0x00000296895473d0
Event: 0.035 Thread 0x00000296894a4e00 Thread added: 0x000002968944e590
Event: 0.035 Thread 0x00000296894a4e00 Thread added: 0x000002968954c7d0
Event: 0.035 Thread 0x00000296894a4e00 Thread added: 0x000002968954fae0
Event: 0.035 Thread 0x00000296894a4e00 Thread added: 0x00000296895562d0
Event: 0.035 Thread 0x00000296894a4e00 Thread added: 0x0000029689558f90
Event: 0.035 Thread 0x00000296894a4e00 Thread added: 0x00000296e225afa0
Event: 0.035 Thread 0x00000296894a4e00 Thread added: 0x00000296e225c6f0
Event: 0.052 Thread 0x00000296894a4e00 Thread added: 0x00000296e2352300
Event: 0.065 Thread 0x00000296e225afa0 Thread added: 0x00000296e235de80
Event: 0.247 Thread 0x00000296894a4e00 Thread added: 0x00000296e2594300


Dynamic libraries:
0x00007ff781330000 - 0x00007ff78133e000 	c:\Users\hp\.vscode\extensions\redhat.java-1.45.0-win32-x64\jre\21.0.8-win32-x86_64\bin\java.exe
0x00007ffdff220000 - 0x00007ffdff480000 	C:\WINDOWS\SYSTEM32\ntdll.dll
0x00007ffdfeb20000 - 0x00007ffdfebe7000 	C:\WINDOWS\System32\KERNEL32.DLL
0x00007ffdfca50000 - 0x00007ffdfce1a000 	C:\WINDOWS\System32\KERNELBASE.dll
0x00007ffdfce20000 - 0x00007ffdfcf6b000 	C:\WINDOWS\System32\ucrtbase.dll
0x00007ffdcb370000 - 0x00007ffdcb388000 	c:\Users\hp\.vscode\extensions\redhat.java-1.45.0-win32-x64\jre\21.0.8-win32-x86_64\bin\jli.dll
0x00007ffdc6f20000 - 0x00007ffdc6f3e000 	c:\Users\hp\.vscode\extensions\redhat.java-1.45.0-win32-x64\jre\21.0.8-win32-x86_64\bin\VCRUNTIME140.dll
0x00007ffdfd950000 - 0x00007ffdfdb1c000 	C:\WINDOWS\System32\USER32.dll
0x00007ffdfca20000 - 0x00007ffdfca47000 	C:\WINDOWS\System32\win32u.dll
0x00007ffde78b0000 - 0x00007ffde7b47000 	C:\WINDOWS\WinSxS\amd64_microsoft.windows.common-controls_6595b64144ccf1df_6.0.26100.3624_none_3e086962e3345f24\COMCTL32.dll
0x00007ffdfd530000 - 0x00007ffdfd55a000 	C:\WINDOWS\System32\GDI32.dll
0x00007ffdfd0a0000 - 0x00007ffdfd149000 	C:\WINDOWS\System32\msvcrt.dll
0x00007ffdfc790000 - 0x00007ffdfc8c1000 	C:\WINDOWS\System32\gdi32full.dll
0x00007ffdfcf70000 - 0x00007ffdfd013000 	C:\WINDOWS\System32\msvcp_win.dll
0x00007ffdfef90000 - 0x00007ffdfefbf000 	C:\WINDOWS\System32\IMM32.DLL
0x00007ffdf2130000 - 0x00007ffdf213c000 	c:\Users\hp\.vscode\extensions\redhat.java-1.45.0-win32-x64\jre\21.0.8-win32-x86_64\bin\vcruntime140_1.dll
0x00007ffd7e0e0000 - 0x00007ffd7e16d000 	c:\Users\hp\.vscode\extensions\redhat.java-1.45.0-win32-x64\jre\21.0.8-win32-x86_64\bin\msvcp140.dll
0x00007ffd3d000000 - 0x00007ffd3dd97000 	c:\Users\hp\.vscode\extensions\redhat.java-1.45.0-win32-x64\jre\21.0.8-win32-x86_64\bin\server\jvm.dll
0x00007ffdfefd0000 - 0x00007ffdff082000 	C:\WINDOWS\System32\ADVAPI32.dll
0x00007ffdfd840000 - 0x00007ffdfd8e6000 	C:\WINDOWS\System32\sechost.dll
0x00007ffdfdb30000 - 0x00007ffdfdc46000 	C:\WINDOWS\System32\RPCRT4.dll
0x00007ffdfd020000 - 0x00007ffdfd094000 	C:\WINDOWS\System32\WS2_32.dll
0x00007ffdfc250000 - 0x00007ffdfc2ae000 	C:\WINDOWS\SYSTEM32\POWRPROF.dll
0x00007ffdf4c60000 - 0x00007ffdf4c96000 	C:\WINDOWS\SYSTEM32\WINMM.dll
0x00007ffdf5240000 - 0x00007ffdf524b000 	C:\WINDOWS\SYSTEM32\VERSION.dll
0x00007ffdfc230000 - 0x00007ffdfc244000 	C:\WINDOWS\SYSTEM32\UMPDC.dll
0x00007ffdfb210000 - 0x00007ffdfb22a000 	C:\WINDOWS\SYSTEM32\kernel.appcore.dll
0x00007ffdf20c0000 - 0x00007ffdf20ca000 	c:\Users\hp\.vscode\extensions\redhat.java-1.45.0-win32-x64\jre\21.0.8-win32-x86_64\bin\jimage.dll
0x00007ffdee580000 - 0x00007ffdee7c1000 	C:\WINDOWS\SYSTEM32\DBGHELP.DLL
0x00007ffdfebf0000 - 0x00007ffdfef72000 	C:\WINDOWS\System32\combase.dll
0x00007ffdfe390000 - 0x00007ffdfe466000 	C:\WINDOWS\System32\OLEAUT32.dll
0x00007ffdb2210000 - 0x00007ffdb2249000 	C:\WINDOWS\SYSTEM32\dbgcore.DLL
0x00007ffdfc400000 - 0x00007ffdfc499000 	C:\WINDOWS\System32\bcryptPrimitives.dll
0x00007ffdedf00000 - 0x00007ffdedf0f000 	c:\Users\hp\.vscode\extensions\redhat.java-1.45.0-win32-x64\jre\21.0.8-win32-x86_64\bin\instrument.dll
0x00007ffdc4cf0000 - 0x00007ffdc4d0f000 	c:\Users\hp\.vscode\extensions\redhat.java-1.45.0-win32-x64\jre\21.0.8-win32-x86_64\bin\java.dll
0x00007ffdfdc60000 - 0x00007ffdfe389000 	C:\WINDOWS\System32\SHELL32.dll
0x00007ffdfc620000 - 0x00007ffdfc788000 	C:\WINDOWS\System32\wintypes.dll
0x00007ffdfa070000 - 0x00007ffdfa8c2000 	C:\WINDOWS\SYSTEM32\windows.storage.dll
0x00007ffdff0a0000 - 0x00007ffdff18d000 	C:\WINDOWS\System32\SHCORE.dll
0x00007ffdfd440000 - 0x00007ffdfd4a4000 	C:\WINDOWS\System32\shlwapi.dll
0x00007ffdfc310000 - 0x00007ffdfc33f000 	C:\WINDOWS\SYSTEM32\profapi.dll
0x00007ffdc0bf0000 - 0x00007ffdc0c08000 	c:\Users\hp\.vscode\extensions\redhat.java-1.45.0-win32-x64\jre\21.0.8-win32-x86_64\bin\zip.dll
0x00007ffdefe30000 - 0x00007ffdefe40000 	C:\Users\hp\.vscode\extensions\redhat.java-1.45.0-win32-x64\jre\21.0.8-win32-x86_64\bin\net.dll
0x00007ffdf4b40000 - 0x00007ffdf4c5d000 	C:\WINDOWS\SYSTEM32\WINHTTP.dll
0x00007ffdfb730000 - 0x00007ffdfb79a000 	C:\WINDOWS\system32\mswsock.dll
0x00007ffdc0bd0000 - 0x00007ffdc0be6000 	C:\Users\hp\.vscode\extensions\redhat.java-1.45.0-win32-x64\jre\21.0.8-win32-x86_64\bin\nio.dll
0x00007ffdd79e0000 - 0x00007ffdd79f0000 	c:\Users\hp\.vscode\extensions\redhat.java-1.45.0-win32-x64\jre\21.0.8-win32-x86_64\bin\verify.dll

JVMTI agents:
c:\Users\hp\.vscode\extensions\redhat.java-1.45.0-win32-x64\lombok\lombok-1.18.39-4050.jar path:c:\Users\hp\.vscode\extensions\redhat.java-1.45.0-win32-x64\jre\21.0.8-win32-x86_64\bin\instrument.dll, loaded, initialized, instrumentlib options:none

dbghelp: loaded successfully - version: 4.0.5 - missing functions: none
symbol engine: initialized successfully - sym options: 0x614 - pdb path: .;c:\Users\hp\.vscode\extensions\redhat.java-1.45.0-win32-x64\jre\21.0.8-win32-x86_64\bin;C:\WINDOWS\SYSTEM32;C:\WINDOWS\WinSxS\amd64_microsoft.windows.common-controls_6595b64144ccf1df_6.0.26100.3624_none_3e086962e3345f24;c:\Users\hp\.vscode\extensions\redhat.java-1.45.0-win32-x64\jre\21.0.8-win32-x86_64\bin\server

VM Arguments:
jvm_args: --add-modules=ALL-SYSTEM --add-opens=java.base/java.util=ALL-UNNAMED --add-opens=java.base/java.lang=ALL-UNNAMED --add-opens=java.base/sun.nio.fs=ALL-UNNAMED -Declipse.application=org.eclipse.jdt.ls.core.id1 -Dosgi.bundles.defaultStartLevel=4 -Declipse.product=org.eclipse.jdt.ls.core.product -Djava.import.generatesMetadataFilesAtProjectRoot=false -DDetectVMInstallationsJob.disabled=true -Dfile.encoding=utf8 -XX:+UseParallelGC -XX:GCTimeRatio=4 -XX:AdaptiveSizePolicyWeight=90 -Dsun.zip.disableMemoryMapping=true -Xmx2G -Xms100m -Xlog:disable -javaagent:c:\Users\hp\.vscode\extensions\redhat.java-1.45.0-win32-x64\lombok\lombok-1.18.39-4050.jar 
java_command: c:\Users\hp\.vscode\extensions\redhat.java-1.45.0-win32-x64\server\plugins\org.eclipse.equinox.launcher_1.7.0.v20250519-0528.jar -configuration c:\Users\hp\AppData\Roaming\Code\User\globalStorage\redhat.java\1.45.0\config_ss_win -data c:\Users\hp\AppData\Roaming\Code\User\workspaceStorage\cf13da3c2da04dbc724f1f2b3211e532\redhat.java\ss_ws --pipe=\\.\pipe\lsp-c6cba837bbb091d9bae3e06a428bed36-sock
java_class_path (initial): c:\Users\hp\.vscode\extensions\redhat.java-1.45.0-win32-x64\server\plugins\org.eclipse.equinox.launcher_1.7.0.v20250519-0528.jar
Launcher Type: SUN_STANDARD

[Global flags]
    uintx AdaptiveSizePolicyWeight                 = 90                                        {product} {command line}
     intx CICompilerCount                          = 4                                         {product} {ergonomic}
    uintx GCTimeRatio                              = 4                                         {product} {command line}
   size_t InitialHeapSize                          = 104857600                                 {product} {command line}
   size_t MaxHeapSize                              = 2147483648                                {product} {command line}
   size_t MaxNewSize                               = 715653120                                 {product} {ergonomic}
   size_t MinHeapDeltaBytes                        = 524288                                    {product} {ergonomic}
   size_t MinHeapSize                              = 104857600                                 {product} {command line}
   size_t NewSize                                  = 34603008                                  {product} {ergonomic}
    uintx NonNMethodCodeHeapSize                   = 5839372                                {pd product} {ergonomic}
    uintx NonProfiledCodeHeapSize                  = 122909434                              {pd product} {ergonomic}
   size_t OldSize                                  = 70254592                                  {product} {ergonomic}
    uintx ProfiledCodeHeapSize                     = 122909434                              {pd product} {ergonomic}
    uintx ReservedCodeCacheSize                    = 251658240                              {pd product} {ergonomic}
     bool SegmentedCodeCache                       = true                                      {product} {ergonomic}
   size_t SoftMaxHeapSize                          = 2147483648                             {manageable} {ergonomic}
     bool UseCompressedOops                        = true                           {product lp64_product} {ergonomic}
     bool UseLargePagesIndividualAllocation        = false                                  {pd product} {ergonomic}
     bool UseParallelGC                            = true                                      {product} {command line}

Logging:
Log output configuration:
 #0: stdout all=off uptime,level,tags foldmultilines=false
 #1: stderr all=off uptime,level,tags foldmultilines=false

Environment Variables:
PATH=C:\Program Files\Python311\Scripts\;C:\Program Files\Python311\;C:\Program Files\Common Files\Oracle\Java\javapath;C:\windows\system32;C:\windows;C:\windows\System32\Wbem;C:\windows\System32\WindowsPowerShell\v1.0\;C:\windows\System32\OpenSSH\;C:\Program Files\Java\jdk-21\bin;C:\Program Files\HP\HP One Agent;C:\Users\hp\AppData\Roaming\nvm;C:\Program Files\nodejs;C:\Program Files\Git\cmd;C:\Program Files\dotnet\;C:\Program Files\MySQL\MySQL Server 8.0\bin;C:\Program Files\MongoDB\Server\7.0\bin;C:\Program Files\mongosh\mongosh-2.2.15-win32-x64\bin;C:\WINDOWS\system32;C:\WINDOWS;C:\WINDOWS\System32\Wbem;C:\WINDOWS\System32\WindowsPowerShell\v1.0\;C:\WINDOWS\System32\OpenSSH\;C:\Users\hp\AppData\Roaming\Python\Python311\Scripts;D:\bfcet\PS6-Phosphenes-master\hackrx-backend\ffmpeg-7.1.1\ffmpeg-7.1.1;D:\bfcet\PS6-Phosphenes-master\hackrx-backend\ffmpeg-7.1-essentials_build\ffmpeg-7.1-essentials_build\bin;D:\rustttt\VC\Tools\MSVC\14.44.35207\bin\Hostx64\x64;D:\MATLAB\bin;C:\Users\hp\.cargo\bin;C:\Program Files\MySQL\MySQL Shell 8.0\bin\;C:\Users\hp\AppData\Local\Microsoft\WindowsApps;D:\downloads\bin;C:\Users\hp\AppData\Local\Programs\Microsoft VS Code\bin;C:\Users\hp\AppData\Roaming\npm;C:\Users\hp\AppData\Local\Microsoft\WinGet\Packages\Schniz.fnm_Microsoft.Winget.Source_8wekyb3d8bbwe;C:\Users\hp\AppData\Roaming\nvm;C:\Program Files\nodejs;C:\Users\hp\AppData\Local\Microsoft\WindowsApps
USERNAME=hp
OS=Windows_NT
PROCESSOR_IDENTIFIER=AMD64 Family 25 Model 80 Stepping 0, AuthenticAMD
TMP=C:\Users\hp\AppData\Local\Temp
TEMP=C:\Users\hp\AppData\Local\Temp




Periodic native trim disabled

---------------  S Y S T E M  ---------------

OS:
 Windows 11 , 64 bit Build 26100 (10.0.26100.3775)
OS uptime: 0 days 2:19 hours
Hyper-V role detected

CPU: total 12 (initial active 12) (12 cores per cpu, 2 threads per core) family 25 model 80 stepping 0 microcode 0xa50000f, cx8, cmov, fxsr, ht, mmx, 3dnowpref, sse, sse2, sse3, ssse3, sse4a, sse4.1, sse4.2, popcnt, lzcnt, tsc, tscinvbit, avx, avx2, aes, erms, clmul, bmi1, bmi2, adx, sha, fma, vzeroupper, clflush, clflushopt, hv, rdtscp, rdpid, fsrm, f16c, cet_ss
Processor Information for processor 0
  Max Mhz: 3301, Current Mhz: 2011, Mhz Limit: 2937
Processor Information for processor 1
  Max Mhz: 3301, Current Mhz: 2939, Mhz Limit: 2937
Processor Information for processor 2
  Max Mhz: 3301, Current Mhz: 3301, Mhz Limit: 3301
Processor Information for processor 3
  Max Mhz: 3301, Current Mhz: 2011, Mhz Limit: 3301
Processor Information for processor 4
  Max Mhz: 3301, Current Mhz: 3301, Mhz Limit: 3301
Processor Information for processor 5
  Max Mhz: 3301, Current Mhz: 3301, Mhz Limit: 3301
Processor Information for processor 6
  Max Mhz: 3301, Current Mhz: 2011, Mhz Limit: 3301
Processor Information for processor 7
  Max Mhz: 3301, Current Mhz: 3301, Mhz Limit: 3301
Processor Information for processor 8
  Max Mhz: 3301, Current Mhz: 2011, Mhz Limit: 3301
Processor Information for processor 9
  Max Mhz: 3301, Current Mhz: 3301, Mhz Limit: 3301
Processor Information for processor 10
  Max Mhz: 3301, Current Mhz: 3301, Mhz Limit: 3301
Processor Information for processor 11
  Max Mhz: 3301, Current Mhz: 2011, Mhz Limit: 3301

Memory: 4k page, system-wide physical 15710M (1559M free)
TotalPageFile size 22491M (AvailPageFile size 5M)
current process WorkingSet (physical memory assigned to process): 52M, peak: 52M
current process commit charge ("private bytes"): 232M, peak: 232M

vm_info: OpenJDK 64-Bit Server VM (21.0.8+9-LTS) for windows-amd64 JRE (21.0.8+9-LTS), built on 2025-07-15T00:00:00Z by "admin" with MS VC++ 17.7 (VS2022)

END.
